<?xml version="1.0" encoding="UTF-8"?>
<!-- Generated by org.testng.reporters.JUnitReportReporter -->
<testsuite hostname="DESKTOP-UDECO0U" failures="0" tests="4" name="tests.UserTest" time="11.243" errors="0" timestamp="2023-08-22T12:05:51 IST" skipped="0">
  <testcase classname="tests.UserTest" name="createUser" time="5.636"/>
  <system-out/>
  <testcase classname="tests.UserTest" name="testGetUserByName" time="1.450"/>
  <system-out/>
  <testcase classname="tests.UserTest" name="testUpdateUserByName" time="2.812"/>
  <system-out/>
  <testcase classname="tests.UserTest" name="testDeleteUserByName" time="1.345"/>
  <system-out/>
</testsuite> <!-- tests.UserTest -->
