<?xml version="1.0" encoding="UTF-8"?>
<!-- Generated by org.testng.reporters.JUnitReportReporter -->
<testsuite hostname="DESKTOP-UDECO0U" failures="0" tests="6" name="tests.DPTest" time="8.385" errors="0" timestamp="2023-08-22T12:05:51 IST" skipped="0">
  <testcase classname="tests.DPTest" name="testPostUser" time="1.373"/>
  <system-out/>
  <testcase classname="tests.DPTest" name="testPostUser" time="1.437"/>
  <system-out/>
  <testcase classname="tests.DPTest" name="testPostUser" time="1.412"/>
  <system-out/>
  <testcase classname="tests.DPTest" name="testDeleteUserByName" time="1.379"/>
  <system-out/>
  <testcase classname="tests.DPTest" name="testDeleteUserByName" time="1.396"/>
  <system-out/>
  <testcase classname="tests.DPTest" name="testDeleteUserByName" time="1.388"/>
  <system-out/>
</testsuite> <!-- tests.DPTest -->
