<?xml version="1.0" encoding="UTF-8"?>
<!-- Generated by org.testng.reporters.JUnitReportReporter -->
<testsuite hostname="DESKTOP-UDECO0U" failures="0" tests="4" name="tests.UserTest" time="12.379" errors="0" timestamp="2023-08-22T13:26:51 IST" skipped="0">
  <testcase classname="tests.UserTest" name="createUser" time="6.440"/>
  <system-out/>
  <testcase classname="tests.UserTest" name="testGetUserByName" time="1.485"/>
  <system-out/>
  <testcase classname="tests.UserTest" name="testUpdateUserByName" time="2.865"/>
  <system-out/>
  <testcase classname="tests.UserTest" name="testDeleteUserByName" time="1.589"/>
  <system-out/>
</testsuite> <!-- tests.UserTest -->
