<?xml version="1.0" encoding="UTF-8"?>
<!-- Generated by org.testng.reporters.JUnitReportReporter -->
<testsuite hostname="DESKTOP-UDECO0U" failures="0" tests="6" name="tests.DDTest" time="8.455" errors="0" timestamp="2023-08-22T13:26:51 IST" skipped="0">
  <testcase classname="tests.DDTest" name="testCreateUserDDT" time="1.368"/>
  <system-out/>
  <testcase classname="tests.DDTest" name="testCreateUserDDT" time="1.398"/>
  <system-out/>
  <testcase classname="tests.DDTest" name="testCreateUserDDT" time="1.351"/>
  <system-out/>
  <testcase classname="tests.DDTest" name="testDeleteUserByNameDDT" time="1.328"/>
  <system-out/>
  <testcase classname="tests.DDTest" name="testDeleteUserByNameDDT" time="1.343"/>
  <system-out/>
  <testcase classname="tests.DDTest" name="testDeleteUserByNameDDT" time="1.667"/>
  <system-out/>
</testsuite> <!-- tests.DDTest -->
